<?xml version="1.0" encoding="UTF-8"?>
<!-- Generated by org.testng.reporters.JUnitReportReporter -->
<testsuite skipped="0" hostname="HARIBO10" name="com.w2a.API_RestAssuredFramework.testcases.SampleTestCase" tests="2" failures="0" timestamp="15 Dec 2019 02:10:00 GMT" time="3.356" errors="0">
  <testcase name="ValidateCreateCusyomerAPIWithValidKey" time="0.614" classname="com.w2a.API_RestAssuredFramework.testcases.SampleTestCase"/>
  <testcase name="ValidateCreateCusyomerAPIWithInvalidKey" time="2.742" classname="com.w2a.API_RestAssuredFramework.testcases.SampleTestCase"/>
</testsuite> <!-- com.w2a.API_RestAssuredFramework.testcases.SampleTestCase -->
